commit 696fb93e0de1658d0fc13f3d4beaf1e7eb6bdcef
Author: Michael Pace <mpace1027@gmail.com>
Date:   Fri Jun 15 01:44:03 2012 -0500

    fixed brute force pfd_eval method (IT NOW WORKS!!!), left lengthy comment

commit 5e6d5d2073ad350daa6c65a62e7c663d0e61c727
Author: Michael Pace <mpace1027@gmail.com>
Date:   Thu Jun 14 22:53:48 2012 -0500

    updated readme w/ my info

commit 6515f0d8e01ca2093768c84a5d6ec48f62e192db
Author: Jerome Martinez <jerome.e.martinez@gmail.com>
Date:   Thu Jun 14 17:38:45 2012 -0500

    update brute force code

commit 4c7fa39bec906955cbc0d6e51fdc186fe16cb94f
Author: jromeem <jerome.e.martinez@gmail.com>
Date:   Thu Jun 14 15:19:50 2012 -0500

    added sample input form sphere

commit 0ce6646d627b6640cc196912a629c3c73ad0ac33
Merge: a88e4fe c8b9d2f
Author: Jerome Martinez <jerome.e.martinez@gmail.com>
Date:   Thu Jun 14 12:21:00 2012 -0500

    Merge branch 'master' of github.com:jromeem/cs373-pfd

commit a88e4fe063d179c53f941d428c52447f466ce1f7
Author: Jerome Martinez <jerome.e.martinez@gmail.com>
Date:   Thu Jun 14 12:19:23 2012 -0500

    added psuedo-code

commit c8b9d2f972aa16416daa0c63d244a3534643a2d5
Author: jromeem <jerome.e.martinez@gmail.com>
Date:   Thu Jun 14 12:07:09 2012 -0500

    edit...

commit ea358d427238ee74e1becd5ab9cf450bf8dc8aa8
Author: Jerome Martinez <jerome.e.martinez@gmail.com>
Date:   Wed Jun 13 23:58:09 2012 -0500

    first commit: added files -- need to add skel code next

commit 2c734cc4f2676f529d247b8d79642d96ffac52fd
Author: jromeem <jerome.e.martinez@gmail.com>
Date:   Wed Jun 13 23:35:01 2012 -0500

    update readme

commit d0294fdb0f63325c90a729409976e9555b6ad57a
Author: jromeem <jerome.e.martinez@gmail.com>
Date:   Wed Jun 13 21:32:17 2012 -0700

    Initial commit
